  AddConMan.cpp
C:\Users\Roothless\source\repos\JokeBank45\JokeBank45\DatabaseManager.h(79,55): warning C4566: character represented by universal-character-name '\u2705' cannot be represented in the current code page (1251)
  (compiling source file 'AddConMan.cpp')
  
C:\Users\Roothless\source\repos\JokeBank45\JokeBank45\DatabaseManager.h(83,58): warning C4566: character represented by universal-character-name '\u274C' cannot be represented in the current code page (1251)
  (compiling source file 'AddConMan.cpp')
  
C:\Users\Roothless\source\repos\JokeBank45\JokeBank45\DatabaseManager.h(97,55): warning C4566: character represented by universal-character-name '\u2705' cannot be represented in the current code page (1251)
  (compiling source file 'AddConMan.cpp')
  
C:\Users\Roothless\source\repos\JokeBank45\JokeBank45\DatabaseManager.h(101,58): warning C4566: character represented by universal-character-name '\u274C' cannot be represented in the current code page (1251)
  (compiling source file 'AddConMan.cpp')
  
C:\Users\Roothless\source\repos\JokeBank45\JokeBank45\DatabaseManager.h(129,58): warning C4566: character represented by universal-character-name '\u274C' cannot be represented in the current code page (1251)
  (compiling source file 'AddConMan.cpp')
  
C:\Users\Roothless\source\repos\JokeBank45\JokeBank45\DatabaseManager.h(147,55): warning C4566: character represented by universal-character-name '\u2705' cannot be represented in the current code page (1251)
  (compiling source file 'AddConMan.cpp')
  
C:\Users\Roothless\source\repos\JokeBank45\JokeBank45\DatabaseManager.h(152,58): warning C4566: character represented by universal-character-name '\u274C' cannot be represented in the current code page (1251)
  (compiling source file 'AddConMan.cpp')
  
C:\Users\Roothless\source\repos\JokeBank45\JokeBank45\DatabaseManager.h(169,58): warning C4566: character represented by universal-character-name '\u274C' cannot be represented in the current code page (1251)
  (compiling source file 'AddConMan.cpp')
  
C:\Users\Roothless\source\repos\JokeBank45\JokeBank45\DatabaseManager.h(182,31): warning C4101: 'ex': unreferenced local variable
  (compiling source file 'AddConMan.cpp')
  
  MyForm.cpp
C:\Users\Roothless\source\repos\JokeBank45\JokeBank45\DatabaseManager.h(79,55): warning C4566: character represented by universal-character-name '\u2705' cannot be represented in the current code page (1251)
  (compiling source file 'MyForm.cpp')
  
C:\Users\Roothless\source\repos\JokeBank45\JokeBank45\DatabaseManager.h(83,58): warning C4566: character represented by universal-character-name '\u274C' cannot be represented in the current code page (1251)
  (compiling source file 'MyForm.cpp')
  
C:\Users\Roothless\source\repos\JokeBank45\JokeBank45\DatabaseManager.h(97,55): warning C4566: character represented by universal-character-name '\u2705' cannot be represented in the current code page (1251)
  (compiling source file 'MyForm.cpp')
  
C:\Users\Roothless\source\repos\JokeBank45\JokeBank45\DatabaseManager.h(101,58): warning C4566: character represented by universal-character-name '\u274C' cannot be represented in the current code page (1251)
  (compiling source file 'MyForm.cpp')
  
C:\Users\Roothless\source\repos\JokeBank45\JokeBank45\DatabaseManager.h(129,58): warning C4566: character represented by universal-character-name '\u274C' cannot be represented in the current code page (1251)
  (compiling source file 'MyForm.cpp')
  
C:\Users\Roothless\source\repos\JokeBank45\JokeBank45\DatabaseManager.h(147,55): warning C4566: character represented by universal-character-name '\u2705' cannot be represented in the current code page (1251)
  (compiling source file 'MyForm.cpp')
  
C:\Users\Roothless\source\repos\JokeBank45\JokeBank45\DatabaseManager.h(152,58): warning C4566: character represented by universal-character-name '\u274C' cannot be represented in the current code page (1251)
  (compiling source file 'MyForm.cpp')
  
C:\Users\Roothless\source\repos\JokeBank45\JokeBank45\DatabaseManager.h(169,58): warning C4566: character represented by universal-character-name '\u274C' cannot be represented in the current code page (1251)
  (compiling source file 'MyForm.cpp')
  
C:\Users\Roothless\source\repos\JokeBank45\JokeBank45\DatabaseManager.h(182,31): warning C4101: 'ex': unreferenced local variable
  (compiling source file 'MyForm.cpp')
  
  MyForm2.cpp
C:\Users\Roothless\source\repos\JokeBank45\JokeBank45\DatabaseManager.h(79,55): warning C4566: character represented by universal-character-name '\u2705' cannot be represented in the current code page (1251)
  (compiling source file 'MyForm2.cpp')
  
C:\Users\Roothless\source\repos\JokeBank45\JokeBank45\DatabaseManager.h(83,58): warning C4566: character represented by universal-character-name '\u274C' cannot be represented in the current code page (1251)
  (compiling source file 'MyForm2.cpp')
  
C:\Users\Roothless\source\repos\JokeBank45\JokeBank45\DatabaseManager.h(97,55): warning C4566: character represented by universal-character-name '\u2705' cannot be represented in the current code page (1251)
  (compiling source file 'MyForm2.cpp')
  
C:\Users\Roothless\source\repos\JokeBank45\JokeBank45\DatabaseManager.h(101,58): warning C4566: character represented by universal-character-name '\u274C' cannot be represented in the current code page (1251)
  (compiling source file 'MyForm2.cpp')
  
C:\Users\Roothless\source\repos\JokeBank45\JokeBank45\DatabaseManager.h(129,58): warning C4566: character represented by universal-character-name '\u274C' cannot be represented in the current code page (1251)
  (compiling source file 'MyForm2.cpp')
  
C:\Users\Roothless\source\repos\JokeBank45\JokeBank45\DatabaseManager.h(147,55): warning C4566: character represented by universal-character-name '\u2705' cannot be represented in the current code page (1251)
  (compiling source file 'MyForm2.cpp')
  
C:\Users\Roothless\source\repos\JokeBank45\JokeBank45\DatabaseManager.h(152,58): warning C4566: character represented by universal-character-name '\u274C' cannot be represented in the current code page (1251)
  (compiling source file 'MyForm2.cpp')
  
C:\Users\Roothless\source\repos\JokeBank45\JokeBank45\DatabaseManager.h(169,58): warning C4566: character represented by universal-character-name '\u274C' cannot be represented in the current code page (1251)
  (compiling source file 'MyForm2.cpp')
  
C:\Users\Roothless\source\repos\JokeBank45\JokeBank45\DatabaseManager.h(182,31): warning C4101: 'ex': unreferenced local variable
  (compiling source file 'MyForm2.cpp')
  
  MyForm3.cpp
C:\Users\Roothless\source\repos\JokeBank45\JokeBank45\DatabaseManager.h(79,55): warning C4566: character represented by universal-character-name '\u2705' cannot be represented in the current code page (1251)
  (compiling source file 'MyForm3.cpp')
  
C:\Users\Roothless\source\repos\JokeBank45\JokeBank45\DatabaseManager.h(83,58): warning C4566: character represented by universal-character-name '\u274C' cannot be represented in the current code page (1251)
  (compiling source file 'MyForm3.cpp')
  
C:\Users\Roothless\source\repos\JokeBank45\JokeBank45\DatabaseManager.h(97,55): warning C4566: character represented by universal-character-name '\u2705' cannot be represented in the current code page (1251)
  (compiling source file 'MyForm3.cpp')
  
C:\Users\Roothless\source\repos\JokeBank45\JokeBank45\DatabaseManager.h(101,58): warning C4566: character represented by universal-character-name '\u274C' cannot be represented in the current code page (1251)
  (compiling source file 'MyForm3.cpp')
  
C:\Users\Roothless\source\repos\JokeBank45\JokeBank45\DatabaseManager.h(129,58): warning C4566: character represented by universal-character-name '\u274C' cannot be represented in the current code page (1251)
  (compiling source file 'MyForm3.cpp')
  
C:\Users\Roothless\source\repos\JokeBank45\JokeBank45\DatabaseManager.h(147,55): warning C4566: character represented by universal-character-name '\u2705' cannot be represented in the current code page (1251)
  (compiling source file 'MyForm3.cpp')
  
C:\Users\Roothless\source\repos\JokeBank45\JokeBank45\DatabaseManager.h(152,58): warning C4566: character represented by universal-character-name '\u274C' cannot be represented in the current code page (1251)
  (compiling source file 'MyForm3.cpp')
  
C:\Users\Roothless\source\repos\JokeBank45\JokeBank45\DatabaseManager.h(169,58): warning C4566: character represented by universal-character-name '\u274C' cannot be represented in the current code page (1251)
  (compiling source file 'MyForm3.cpp')
  
C:\Users\Roothless\source\repos\JokeBank45\JokeBank45\DatabaseManager.h(182,31): warning C4101: 'ex': unreferenced local variable
  (compiling source file 'MyForm3.cpp')
  
  Generating Code...
  AddConMan.obj : MSIL module encountered; incremental linking is disabled for MSIL; performing full link
MyForm.obj : warning LNK4258: directive '/ENTRY:mainCRTStartup' not compatible with switch '/ENTRY:main'; ignored
  JokeBank45.vcxproj -> C:\Users\Roothless\source\repos\JokeBank45\x64\Debug\JokeBank45.exe
