c:\users\roothless\source\repos\jokebank45\jokebank45\x64\release\vc143.pdb
c:\users\roothless\source\repos\jokebank45\jokebank45\x64\release\.netframework,version=v4.7.2.assemblyattributes.obj
c:\users\roothless\source\repos\jokebank45\jokebank45\x64\release\myform3.obj
c:\users\roothless\source\repos\jokebank45\jokebank45\x64\release\myform2.obj
c:\users\roothless\source\repos\jokebank45\jokebank45\x64\release\myform.obj
c:\users\roothless\source\repos\jokebank45\jokebank45\x64\release\addconman.obj
c:\users\roothless\source\repos\jokebank45\x64\release\jokebank45.exe
c:\users\roothless\source\repos\jokebank45\x64\release\jokebank45.pdb
c:\users\roothless\source\repos\jokebank45\jokebank45\x64\release\jokebank45.tlog\cl.command.1.tlog
c:\users\roothless\source\repos\jokebank45\jokebank45\x64\release\jokebank45.tlog\cl.items.tlog
c:\users\roothless\source\repos\jokebank45\jokebank45\x64\release\jokebank45.tlog\cl.read.1.tlog
c:\users\roothless\source\repos\jokebank45\jokebank45\x64\release\jokebank45.tlog\cl.write.1.tlog
c:\users\roothless\source\repos\jokebank45\jokebank45\x64\release\jokebank45.tlog\link.24692-cvtres.read.1.tlog
c:\users\roothless\source\repos\jokebank45\jokebank45\x64\release\jokebank45.tlog\link.24692-cvtres.write.1.tlog
c:\users\roothless\source\repos\jokebank45\jokebank45\x64\release\jokebank45.tlog\link.24692-rc.read.1.tlog
c:\users\roothless\source\repos\jokebank45\jokebank45\x64\release\jokebank45.tlog\link.24692-rc.write.1.tlog
c:\users\roothless\source\repos\jokebank45\jokebank45\x64\release\jokebank45.tlog\link.24692.read.1.tlog
c:\users\roothless\source\repos\jokebank45\jokebank45\x64\release\jokebank45.tlog\link.24692.read.2.tlog
c:\users\roothless\source\repos\jokebank45\jokebank45\x64\release\jokebank45.tlog\link.24692.read.3.tlog
c:\users\roothless\source\repos\jokebank45\jokebank45\x64\release\jokebank45.tlog\link.24692.read.4.tlog
c:\users\roothless\source\repos\jokebank45\jokebank45\x64\release\jokebank45.tlog\link.24692.write.1.tlog
c:\users\roothless\source\repos\jokebank45\jokebank45\x64\release\jokebank45.tlog\link.command.1.tlog
c:\users\roothless\source\repos\jokebank45\jokebank45\x64\release\jokebank45.tlog\link.read.1.tlog
c:\users\roothless\source\repos\jokebank45\jokebank45\x64\release\jokebank45.tlog\link.read.2.tlog
c:\users\roothless\source\repos\jokebank45\jokebank45\x64\release\jokebank45.tlog\link.read.3.tlog
c:\users\roothless\source\repos\jokebank45\jokebank45\x64\release\jokebank45.tlog\link.read.4.tlog
c:\users\roothless\source\repos\jokebank45\jokebank45\x64\release\jokebank45.tlog\link.secondary.1.tlog
c:\users\roothless\source\repos\jokebank45\jokebank45\x64\release\jokebank45.tlog\link.write.1.tlog
c:\users\roothless\source\repos\jokebank45\jokebank45\x64\release\jokebank45.tlog\metagen.read.1.tlog
c:\users\roothless\source\repos\jokebank45\jokebank45\x64\release\jokebank45.tlog\metagen.write.1.tlog
c:\users\roothless\source\repos\jokebank45\jokebank45\x64\release\jokebank45.tlog\resgen.command.1.tlog
c:\users\roothless\source\repos\jokebank45\jokebank45\x64\release\jokebank45.tlog\resgen.read.1.tlog
c:\users\roothless\source\repos\jokebank45\jokebank45\x64\release\jokebank45.tlog\resgen.write.1.tlog
